nohup: ignoring input
2021-08-31 23:52:03.876188: I tensorflow/core/platform/cpu_feature_guard.cc:142] This TensorFlow binary is optimized with oneAPI Deep Neural Network Library (oneDNN) to use the following CPU instructions in performance-critical operations:  AVX2 AVX512F FMA
To enable them in other operations, rebuild TensorFlow with the appropriate compiler flags.
_________________________________________________________________
Layer (type)                 Output shape              Param #   
=================================================================
dense_Dense1 (Dense)         [null,222]                49506     
_________________________________________________________________
dense_Dense2 (Dense)         [null,30]                 6690      
_________________________________________________________________
dense_Dense3 (Dense)         [null,30]                 930       
_________________________________________________________________
dense_Dense4 (Dense)         [null,30]                 930       
_________________________________________________________________
dense_Dense5 (Dense)         [null,1]                  31        
=================================================================
Total params: 58087
Trainable params: 58087
Non-trainable params: 0
_________________________________________________________________
_________________________________________________________________
Layer (type)                 Output shape              Param #   
=================================================================
dense_Dense6 (Dense)         [null,222]                49506     
_________________________________________________________________
dense_Dense7 (Dense)         [null,50]                 11150     
_________________________________________________________________
dense_Dense8 (Dense)         [null,50]                 2550      
_________________________________________________________________
dense_Dense9 (Dense)         [null,50]                 2550      
_________________________________________________________________
dense_Dense10 (Dense)        [null,1]                  51        
=================================================================
Total params: 65807
Trainable params: 65807
Non-trainable params: 0
_________________________________________________________________
_________________________________________________________________
Layer (type)                 Output shape              Param #   
=================================================================
dense_Dense11 (Dense)        [null,222]                49506     
_________________________________________________________________
dense_Dense12 (Dense)        [null,70]                 15610     
_________________________________________________________________
dense_Dense13 (Dense)        [null,70]                 4970      
_________________________________________________________________
dense_Dense14 (Dense)        [null,70]                 4970      
_________________________________________________________________
dense_Dense15 (Dense)        [null,1]                  71        
=================================================================
Total params: 75127
Trainable params: 75127
Non-trainable params: 0
_________________________________________________________________
_________________________________________________________________
Layer (type)                 Output shape              Param #   
=================================================================
dense_Dense16 (Dense)        [null,222]                49506     
_________________________________________________________________
dense_Dense17 (Dense)        [null,30]                 6690      
_________________________________________________________________
dense_Dense18 (Dense)        [null,30]                 930       
_________________________________________________________________
dense_Dense19 (Dense)        [null,1]                  31        
=================================================================
Total params: 57157
Trainable params: 57157
Non-trainable params: 0
_________________________________________________________________
_________________________________________________________________
Layer (type)                 Output shape              Param #   
=================================================================
dense_Dense20 (Dense)        [null,222]                49506     
_________________________________________________________________
dense_Dense21 (Dense)        [null,50]                 11150     
_________________________________________________________________
dense_Dense22 (Dense)        [null,50]                 2550      
_________________________________________________________________
dense_Dense23 (Dense)        [null,1]                  51        
=================================================================
Total params: 63257
Trainable params: 63257
Non-trainable params: 0
_________________________________________________________________
_________________________________________________________________
Layer (type)                 Output shape              Param #   
=================================================================
dense_Dense24 (Dense)        [null,222]                49506     
_________________________________________________________________
dense_Dense25 (Dense)        [null,70]                 15610     
_________________________________________________________________
dense_Dense26 (Dense)        [null,70]                 4970      
_________________________________________________________________
dense_Dense27 (Dense)        [null,1]                  71        
=================================================================
Total params: 70157
Trainable params: 70157
Non-trainable params: 0
_________________________________________________________________
_________________________________________________________________
Layer (type)                 Output shape              Param #   
=================================================================
dense_Dense28 (Dense)        [null,222]                49506     
_________________________________________________________________
dense_Dense29 (Dense)        [null,30]                 6690      
_________________________________________________________________
dense_Dense30 (Dense)        [null,30]                 930       
_________________________________________________________________
dense_Dense31 (Dense)        [null,30]                 930       
_________________________________________________________________
dense_Dense32 (Dense)        [null,1]                  31        
=================================================================
Total params: 58087
Trainable params: 58087
Non-trainable params: 0
_________________________________________________________________
_________________________________________________________________
Layer (type)                 Output shape              Param #   
=================================================================
dense_Dense33 (Dense)        [null,222]                49506     
_________________________________________________________________
dense_Dense34 (Dense)        [null,50]                 11150     
_________________________________________________________________
dense_Dense35 (Dense)        [null,50]                 2550      
_________________________________________________________________
dense_Dense36 (Dense)        [null,50]                 2550      
_________________________________________________________________
dense_Dense37 (Dense)        [null,1]                  51        
=================================================================
Total params: 65807
Trainable params: 65807
Non-trainable params: 0
_________________________________________________________________
_________________________________________________________________
Layer (type)                 Output shape              Param #   
=================================================================
dense_Dense38 (Dense)        [null,222]                49506     
_________________________________________________________________
dense_Dense39 (Dense)        [null,70]                 15610     
_________________________________________________________________
dense_Dense40 (Dense)        [null,70]                 4970      
_________________________________________________________________
dense_Dense41 (Dense)        [null,70]                 4970      
_________________________________________________________________
dense_Dense42 (Dense)        [null,1]                  71        
=================================================================
Total params: 75127
Trainable params: 75127
Non-trainable params: 0
_________________________________________________________________
_________________________________________________________________
Layer (type)                 Output shape              Param #   
=================================================================
dense_Dense43 (Dense)        [null,222]                49506     
_________________________________________________________________
dense_Dense44 (Dense)        [null,30]                 6690      
_________________________________________________________________
dense_Dense45 (Dense)        [null,30]                 930       
_________________________________________________________________
dense_Dense46 (Dense)        [null,1]                  31        
=================================================================
Total params: 57157
Trainable params: 57157
Non-trainable params: 0
_________________________________________________________________
_________________________________________________________________
Layer (type)                 Output shape              Param #   
=================================================================
dense_Dense47 (Dense)        [null,222]                49506     
_________________________________________________________________
dense_Dense48 (Dense)        [null,50]                 11150     
_________________________________________________________________
dense_Dense49 (Dense)        [null,50]                 2550      
_________________________________________________________________
dense_Dense50 (Dense)        [null,1]                  51        
=================================================================
Total params: 63257
Trainable params: 63257
Non-trainable params: 0
_________________________________________________________________
_________________________________________________________________
Layer (type)                 Output shape              Param #   
=================================================================
dense_Dense51 (Dense)        [null,222]                49506     
_________________________________________________________________
dense_Dense52 (Dense)        [null,70]                 15610     
_________________________________________________________________
dense_Dense53 (Dense)        [null,70]                 4970      
_________________________________________________________________
dense_Dense54 (Dense)        [null,1]                  71        
=================================================================
Total params: 70157
Trainable params: 70157
Non-trainable params: 0
_________________________________________________________________
_________________________________________________________________
Layer (type)                 Output shape              Param #   
=================================================================
dense_Dense55 (Dense)        [null,222]                49506     
_________________________________________________________________
dense_Dense56 (Dense)        [null,30]                 6690      
_________________________________________________________________
dense_Dense57 (Dense)        [null,30]                 930       
_________________________________________________________________
dense_Dense58 (Dense)        [null,30]                 930       
_________________________________________________________________
dense_Dense59 (Dense)        [null,1]                  31        
=================================================================
Total params: 58087
Trainable params: 58087
Non-trainable params: 0
_________________________________________________________________
_________________________________________________________________
Layer (type)                 Output shape              Param #   
=================================================================
dense_Dense60 (Dense)        [null,222]                49506     
_________________________________________________________________
dense_Dense61 (Dense)        [null,50]                 11150     
_________________________________________________________________
dense_Dense62 (Dense)        [null,50]                 2550      
_________________________________________________________________
dense_Dense63 (Dense)        [null,50]                 2550      
_________________________________________________________________
dense_Dense64 (Dense)        [null,1]                  51        
=================================================================
Total params: 65807
Trainable params: 65807
Non-trainable params: 0
_________________________________________________________________
_________________________________________________________________
Layer (type)                 Output shape              Param #   
=================================================================
dense_Dense65 (Dense)        [null,222]                49506     
_________________________________________________________________
dense_Dense66 (Dense)        [null,70]                 15610     
_________________________________________________________________
dense_Dense67 (Dense)        [null,70]                 4970      
_________________________________________________________________
dense_Dense68 (Dense)        [null,70]                 4970      
_________________________________________________________________
dense_Dense69 (Dense)        [null,1]                  71        
=================================================================
Total params: 75127
Trainable params: 75127
Non-trainable params: 0
_________________________________________________________________
_________________________________________________________________
Layer (type)                 Output shape              Param #   
=================================================================
dense_Dense70 (Dense)        [null,222]                49506     
_________________________________________________________________
dense_Dense71 (Dense)        [null,30]                 6690      
_________________________________________________________________
dense_Dense72 (Dense)        [null,30]                 930       
_________________________________________________________________
dense_Dense73 (Dense)        [null,1]                  31        
=================================================================
Total params: 57157
Trainable params: 57157
Non-trainable params: 0
_________________________________________________________________
_________________________________________________________________
Layer (type)                 Output shape              Param #   
=================================================================
dense_Dense74 (Dense)        [null,222]                49506     
_________________________________________________________________
dense_Dense75 (Dense)        [null,50]                 11150     
_________________________________________________________________
dense_Dense76 (Dense)        [null,50]                 2550      
_________________________________________________________________
dense_Dense77 (Dense)        [null,1]                  51        
=================================================================
Total params: 63257
Trainable params: 63257
Non-trainable params: 0
_________________________________________________________________
_________________________________________________________________
Layer (type)                 Output shape              Param #   
=================================================================
dense_Dense78 (Dense)        [null,222]                49506     
_________________________________________________________________
dense_Dense79 (Dense)        [null,70]                 15610     
_________________________________________________________________
dense_Dense80 (Dense)        [null,70]                 4970      
_________________________________________________________________
dense_Dense81 (Dense)        [null,1]                  71        
=================================================================
Total params: 70157
Trainable params: 70157
Non-trainable params: 0
_________________________________________________________________
training model adam-50-50-[sigmoid]
Epoch 1 / 5
alive

101264ms 7132us/step - loss=5.02e-3 mape=70.70 
Epoch: 0
logs {
  "loss": 0.005018502473831177,
  "mape": 70.69540405273438
}
Epoch 2 / 5
alive
alive

102768ms 7238us/step - loss=4.98e-3 mape=70.35 
Epoch: 1
logs {
  "loss": 0.004982466343790293,
  "mape": 70.3507080078125
}
Epoch 3 / 5
alive
alive

103048ms 7257us/step - loss=4.94e-3 mape=70.04 
Epoch: 2
logs {
  "loss": 0.004944559186697006,
  "mape": 70.04168701171875
}
Epoch 4 / 5
alive

102166ms 7195us/step - loss=4.90e-3 mape=69.69 
Epoch: 3
logs {
  "loss": 0.0049039581790566444,
  "mape": 69.69251251220703
}
Epoch 5 / 5
alive
alive

101872ms 7175us/step - loss=4.86e-3 mape=69.38 
Epoch: 4
logs {
  "loss": 0.0048643662594258785,
  "mape": 69.37998962402344
}
Fit done
training model adam-70-70-[sigmoid]
Epoch 1 / 5
alive
alive

105112ms 7403us/step - loss=5.00e-3 mape=70.33 
Epoch: 0
logs {
  "loss": 0.0049976021982729435,
  "mape": 70.33294677734375
}
Epoch 2 / 5
alive
alive

103522ms 7291us/step - loss=4.98e-3 mape=70.15 
Epoch: 1
logs {
  "loss": 0.004982844460755587,
  "mape": 70.15486145019531
}
Epoch 3 / 5
alive

104059ms 7329us/step - loss=4.94e-3 mape=69.60 
Epoch: 2
logs {
  "loss": 0.0049404604360461235,
  "mape": 69.60486602783203
}
Epoch 4 / 5
alive
alive

104212ms 7339us/step - loss=4.91e-3 mape=69.03 
Epoch: 3
logs {
  "loss": 0.004906724207103252,
  "mape": 69.02515411376953
}
Epoch 5 / 5
alive
alive

103483ms 7288us/step - loss=4.88e-3 mape=68.53 
Epoch: 4
logs {
  "loss": 0.004882833920419216,
  "mape": 68.52915954589844
}
Fit done
training model rmsprop-30-30-30-[sigmoid]
Epoch 1 / 5
alive
alive

123401ms 8691us/step - loss=5.43e-3 mape=72.81 
Epoch: 0
logs {
  "loss": 0.005425408948212862,
  "mape": 72.8141860961914
}
Epoch 2 / 5
alive
alive

122832ms 8651us/step - loss=5.37e-3 mape=71.70 
Epoch: 1
logs {
  "loss": 0.005373345222324133,
  "mape": 71.70368194580078
}
Epoch 3 / 5
alive
alive

123833ms 8721us/step - loss=5.35e-3 mape=71.21 
Epoch: 2
logs {
  "loss": 0.005348638165742159,
  "mape": 71.21431732177734
}
Epoch 4 / 5
alive
alive

123043ms 8666us/step - loss=5.33e-3 mape=71.06 
Epoch: 3
logs {
  "loss": 0.005334905814379454,
  "mape": 71.0605239868164
}
Epoch 5 / 5
alive
alive
